<?xml version="1.0" encoding="UTF-8"?>
<!-- Generated by org.testng.reporters.JUnitXMLReporter -->
<testsuite ignored="0" hostname="DESKTOP-7VC2O0B" failures="0" tests="9" name="Default test" time="0.365" errors="0" timestamp="26 Jul 2021 18:17:48 GMT">
  <testcase classname="testng.TestBookService" name="testGetAllBooks" time="0.015"/>
  <testcase classname="testng.TestBookService" name="testGetOneBook" time="0.007"/>
  <testcase classname="testng.TestBookService" name="testSearchByGenre" time="0.002"/>
  <testcase classname="testng.TestManagerService" name="testGetManagerPassword" time="0.001"/>
  <testcase classname="testng.TestManagerService" name="testGetManagerReturn" time="0.002"/>
  <testcase classname="testng.TestManagerService" name="testGetManagerUsername" time="0.004"/>
  <testcase classname="testng.TestCustomerService" name="testGetCustomerPassword" time="0.001"/>
  <testcase classname="testng.TestCustomerService" name="testGetCustomerReturn" time="0.004"/>
  <testcase classname="testng.TestCustomerService" name="testGetCustomerUsername" time="0.003"/>
</testsuite> <!-- Default test -->
