<?xml version="1.0" encoding="UTF-8"?>
<testng-results ignored="0" total="9" passed="9" failed="0" skipped="0">
  <reporter-output>
  </reporter-output>
  <suite started-at="2021-07-26T18:17:47Z" name="Default suite" finished-at="2021-07-26T18:17:48Z" duration-ms="365">
    <groups>
    </groups>
    <test started-at="2021-07-26T18:17:47Z" name="Default test" finished-at="2021-07-26T18:17:48Z" duration-ms="365">
      <class name="testng.TestBookService">
        <test-method is-config="true" signature="beforeTestGetAll()[pri:0, instance:testng.TestBookService@44a59da3]" started-at="2021-07-26T13:17:47Z" name="beforeTestGetAll" finished-at="2021-07-26T13:17:47Z" duration-ms="234" status="PASS">
          <reporter-output>
          </reporter-output>
        </test-method> <!-- beforeTestGetAll -->
        <test-method signature="testGetAllBooks()[pri:0, instance:testng.TestBookService@44a59da3]" started-at="2021-07-26T13:17:47Z" name="testGetAllBooks" finished-at="2021-07-26T13:17:47Z" duration-ms="15" status="PASS">
          <reporter-output>
          </reporter-output>
        </test-method> <!-- testGetAllBooks -->
        <test-method signature="testGetOneBook()[pri:0, instance:testng.TestBookService@44a59da3]" started-at="2021-07-26T13:17:47Z" name="testGetOneBook" finished-at="2021-07-26T13:17:47Z" duration-ms="7" status="PASS">
          <reporter-output>
          </reporter-output>
        </test-method> <!-- testGetOneBook -->
        <test-method signature="testSearchByGenre()[pri:0, instance:testng.TestBookService@44a59da3]" started-at="2021-07-26T13:17:47Z" name="testSearchByGenre" finished-at="2021-07-26T13:17:47Z" duration-ms="2" status="PASS">
          <reporter-output>
          </reporter-output>
        </test-method> <!-- testSearchByGenre -->
      </class> <!-- testng.TestBookService -->
      <class name="testng.TestManagerService">
        <test-method is-config="true" signature="beforeTestGetOne()[pri:0, instance:testng.TestManagerService@27e47833]" started-at="2021-07-26T13:17:47Z" name="beforeTestGetOne" finished-at="2021-07-26T13:17:47Z" duration-ms="9" status="PASS">
          <reporter-output>
          </reporter-output>
        </test-method> <!-- beforeTestGetOne -->
        <test-method signature="testGetManagerPassword()[pri:0, instance:testng.TestManagerService@27e47833]" started-at="2021-07-26T13:17:47Z" name="testGetManagerPassword" finished-at="2021-07-26T13:17:47Z" duration-ms="1" status="PASS">
          <reporter-output>
          </reporter-output>
        </test-method> <!-- testGetManagerPassword -->
        <test-method signature="testGetManagerReturn()[pri:0, instance:testng.TestManagerService@27e47833]" started-at="2021-07-26T13:17:47Z" name="testGetManagerReturn" finished-at="2021-07-26T13:17:47Z" duration-ms="2" status="PASS">
          <reporter-output>
          </reporter-output>
        </test-method> <!-- testGetManagerReturn -->
        <test-method signature="testGetManagerUsername()[pri:0, instance:testng.TestManagerService@27e47833]" started-at="2021-07-26T13:17:47Z" name="testGetManagerUsername" finished-at="2021-07-26T13:17:47Z" duration-ms="4" status="PASS">
          <reporter-output>
          </reporter-output>
        </test-method> <!-- testGetManagerUsername -->
      </class> <!-- testng.TestManagerService -->
      <class name="testng.TestCustomerService">
        <test-method is-config="true" signature="beforeTestGetOne()[pri:0, instance:testng.TestCustomerService@6f6745d6]" started-at="2021-07-26T13:17:47Z" name="beforeTestGetOne" finished-at="2021-07-26T13:17:47Z" duration-ms="8" status="PASS">
          <reporter-output>
          </reporter-output>
        </test-method> <!-- beforeTestGetOne -->
        <test-method signature="testGetCustomerPassword()[pri:0, instance:testng.TestCustomerService@6f6745d6]" started-at="2021-07-26T13:17:47Z" name="testGetCustomerPassword" finished-at="2021-07-26T13:17:47Z" duration-ms="1" status="PASS">
          <reporter-output>
          </reporter-output>
        </test-method> <!-- testGetCustomerPassword -->
        <test-method signature="testGetCustomerReturn()[pri:0, instance:testng.TestCustomerService@6f6745d6]" started-at="2021-07-26T13:17:47Z" name="testGetCustomerReturn" finished-at="2021-07-26T13:17:48Z" duration-ms="4" status="PASS">
          <reporter-output>
          </reporter-output>
        </test-method> <!-- testGetCustomerReturn -->
        <test-method signature="testGetCustomerUsername()[pri:0, instance:testng.TestCustomerService@6f6745d6]" started-at="2021-07-26T13:17:48Z" name="testGetCustomerUsername" finished-at="2021-07-26T13:17:48Z" duration-ms="3" status="PASS">
          <reporter-output>
          </reporter-output>
        </test-method> <!-- testGetCustomerUsername -->
      </class> <!-- testng.TestCustomerService -->
    </test> <!-- Default test -->
  </suite> <!-- Default suite -->
</testng-results>
